# JRE version: OpenJDK Runtime Environment Temurin-17.0.3+7 (17.0.3+7) (build 17.0.3+7)
# Java VM: OpenJDK 64-Bit Server VM Temurin-17.0.3+7 (17.0.3+7, mixed mode, tiered, compressed oops, compressed class ptrs, g1 gc, windows-amd64)
GC Precious Log:
 CPUs: 2 total, 2 available
 Memory: 8190M
 Large Page Support: Disabled
 NUMA Support: Disabled
 Compressed Oops: Enabled (32-bit)
 Heap Region Size: 1M
 Heap Min Capacity: 8M
 Heap Initial Capacity: 128M
 Heap Max Capacity: 2G
 Pre-touch: Disabled
 Parallel Workers: 2
 Concurrent Workers: 1
 Concurrent Refinement Workers: 2
 Periodic GC: Disabled
Heap:
 garbage-first heap   total 81920K, used 39505K [0x0000000080000000, 0x0000000100000000)
  region size 1024K, 18 young (18432K), 2 survivors (2048K)
 Metaspace       used 46634K, committed 46976K, reserved 1097728K
  class space    used 5305K, committed 5440K, reserved 1048576K
GC Heap History (20 events):
Event: 9.373 GC heap before
{Heap before GC invocations=10 (full 0):
 garbage-first heap   total 34816K, used 24829K [0x0000000080000000, 0x0000000100000000)
  region size 1024K, 14 young (14336K), 2 survivors (2048K)
 Metaspace       used 33705K, committed 34048K, reserved 1081344K
  class space    used 3794K, committed 3904K, reserved 1048576K
}
Event: 9.378 GC heap after
{Heap after GC invocations=11 (full 0):
 garbage-first heap   total 34816K, used 13907K [0x0000000080000000, 0x0000000100000000)
  region size 1024K, 2 young (2048K), 2 survivors (2048K)
 Metaspace       used 33705K, committed 34048K, reserved 1081344K
  class space    used 3794K, committed 3904K, reserved 1048576K
}
Event: 9.710 GC heap before
{Heap before GC invocations=11 (full 0):
 garbage-first heap   total 34816K, used 24147K [0x0000000080000000, 0x0000000100000000)
  region size 1024K, 12 young (12288K), 2 survivors (2048K)
 Metaspace       used 35557K, committed 35904K, reserved 1081344K
  class space    used 4030K, committed 4224K, reserved 1048576K
}
Event: 9.714 GC heap after
{Heap after GC invocations=12 (full 0):
 garbage-first heap   total 34816K, used 14855K [0x0000000080000000, 0x0000000100000000)
  region size 1024K, 1 young (1024K), 1 survivors (1024K)
 Metaspace       used 35557K, committed 35904K, reserved 1081344K
  class space    used 4030K, committed 4224K, reserved 1048576K
}
Event: 9.751 GC heap before
{Heap before GC invocations=12 (full 0):
 garbage-first heap   total 34816K, used 14855K [0x0000000080000000, 0x0000000100000000)
  region size 1024K, 2 young (2048K), 1 survivors (1024K)
 Metaspace       used 35664K, committed 35968K, reserved 1081344K
  class space    used 4048K, committed 4224K, reserved 1048576K
}
Event: 9.753 GC heap after
{Heap after GC invocations=13 (full 0):
 garbage-first heap   total 41984K, used 14736K [0x0000000080000000, 0x0000000100000000)
  region size 1024K, 1 young (1024K), 1 survivors (1024K)
 Metaspace       used 35664K, committed 35968K, reserved 1081344K
  class space    used 4048K, committed 4224K, reserved 1048576K
}
Event: 10.383 GC heap before
{Heap before GC invocations=14 (full 0):
 garbage-first heap   total 41984K, used 31120K [0x0000000080000000, 0x0000000100000000)
  region size 1024K, 17 young (17408K), 1 survivors (1024K)
 Metaspace       used 37711K, committed 38144K, reserved 1089536K
  class space    used 4345K, committed 4544K, reserved 1048576K
}
Event: 10.390 GC heap after
{Heap after GC invocations=15 (full 0):
 garbage-first heap   total 41984K, used 16644K [0x0000000080000000, 0x0000000100000000)
  region size 1024K, 3 young (3072K), 3 survivors (3072K)
 Metaspace       used 37711K, committed 38144K, reserved 1089536K
  class space    used 4345K, committed 4544K, reserved 1048576K
}
Event: 10.956 GC heap before
{Heap before GC invocations=15 (full 0):
 garbage-first heap   total 41984K, used 30980K [0x0000000080000000, 0x0000000100000000)
  region size 1024K, 17 young (17408K), 3 survivors (3072K)
 Metaspace       used 38634K, committed 39040K, reserved 1089536K
  class space    used 4458K, committed 4672K, reserved 1048576K
}
Event: 10.963 GC heap after
{Heap after GC invocations=16 (full 0):
 garbage-first heap   total 41984K, used 18511K [0x0000000080000000, 0x0000000100000000)
  region size 1024K, 2 young (2048K), 2 survivors (2048K)
 Metaspace       used 38634K, committed 39040K, reserved 1089536K
  class space    used 4458K, committed 4672K, reserved 1048576K
}
Event: 11.403 GC heap before
{Heap before GC invocations=16 (full 0):
 garbage-first heap   total 41984K, used 30799K [0x0000000080000000, 0x0000000100000000)
  region size 1024K, 14 young (14336K), 2 survivors (2048K)
 Metaspace       used 39778K, committed 40192K, reserved 1089536K
  class space    used 4603K, committed 4800K, reserved 1048576K
}
Event: 11.409 GC heap after
{Heap after GC invocations=17 (full 0):
 garbage-first heap   total 41984K, used 19785K [0x0000000080000000, 0x0000000100000000)
  region size 1024K, 2 young (2048K), 2 survivors (2048K)
 Metaspace       used 39778K, committed 40192K, reserved 1089536K
  class space    used 4603K, committed 4800K, reserved 1048576K
}
Event: 11.827 GC heap before
{Heap before GC invocations=17 (full 0):
 garbage-first heap   total 41984K, used 31049K [0x0000000080000000, 0x0000000100000000)
  region size 1024K, 13 young (13312K), 2 survivors (2048K)
 Metaspace       used 41597K, committed 41984K, reserved 1089536K
  class space    used 4815K, committed 4992K, reserved 1048576K
}
Event: 11.831 GC heap after
{Heap after GC invocations=18 (full 0):
 garbage-first heap   total 41984K, used 20592K [0x0000000080000000, 0x0000000100000000)
  region size 1024K, 1 young (1024K), 1 survivors (1024K)
 Metaspace       used 41597K, committed 41984K, reserved 1089536K
  class space    used 4815K, committed 4992K, reserved 1048576K
}
Event: 12.306 GC heap before
{Heap before GC invocations=19 (full 0):
 garbage-first heap   total 41984K, used 30832K [0x0000000080000000, 0x0000000100000000)
  region size 1024K, 12 young (12288K), 1 survivors (1024K)
 Metaspace       used 43498K, committed 43904K, reserved 1089536K
  class space    used 4998K, committed 5184K, reserved 1048576K
}
Event: 12.311 GC heap after
{Heap after GC invocations=20 (full 0):
 garbage-first heap   total 41984K, used 22110K [0x0000000080000000, 0x0000000100000000)
  region size 1024K, 2 young (2048K), 2 survivors (2048K)
 Metaspace       used 43498K, committed 43904K, reserved 1089536K
  class space    used 4998K, committed 5184K, reserved 1048576K
}
Event: 12.314 GC heap before
{Heap before GC invocations=20 (full 0):
 garbage-first heap   total 41984K, used 23134K [0x0000000080000000, 0x0000000100000000)
  region size 1024K, 3 young (3072K), 2 survivors (2048K)
 Metaspace       used 43499K, committed 43904K, reserved 1089536K
  class space    used 4998K, committed 5184K, reserved 1048576K
}
Event: 12.324 GC heap after
{Heap after GC invocations=21 (full 0):
 garbage-first heap   total 41984K, used 20829K [0x0000000080000000, 0x0000000100000000)
  region size 1024K, 1 young (1024K), 1 survivors (1024K)
 Metaspace       used 43499K, committed 43904K, reserved 1089536K
  class space    used 4998K, committed 5184K, reserved 1048576K
}
Event: 12.352 GC heap before
{Heap before GC invocations=21 (full 0):
 garbage-first heap   total 41984K, used 31069K [0x0000000080000000, 0x0000000100000000)
  region size 1024K, 11 young (11264K), 1 survivors (1024K)
 Metaspace       used 43508K, committed 43904K, reserved 1089536K
  class space    used 4998K, committed 5184K, reserved 1048576K
}
Event: 12.357 GC heap after
{Heap after GC invocations=22 (full 0):
 garbage-first heap   total 105472K, used 22097K [0x0000000080000000, 0x0000000100000000)
  region size 1024K, 2 young (2048K), 2 survivors (2048K)
 Metaspace       used 43508K, committed 43904K, reserved 1089536K
  class space    used 4998K, committed 5184K, reserved 1048576K
}

